<?xml version="1.0" encoding="UTF-8"?>
<!-- Generated by org.testng.reporters.JUnitReportReporter -->
<testsuite hostname="GSOD-NBRYANT" name="smoketests.Logout" tests="1" failures="0" timestamp="27 Jul 2015 17:58:08 GMT" time="2.862" errors="0">
  <testcase name="LogoutTest" time="2.862" classname="smoketests.Logout"/>
</testsuite> <!-- smoketests.Logout -->
