<?xml version="1.0" encoding="UTF-8"?>
<!-- Generated by org.testng.reporters.JUnitReportReporter -->
<testsuite hostname="GSOD-NBRYANT" name="smoketests.Logout" tests="1" failures="0" timestamp="30 Jul 2015 15:19:35 GMT" time="1.917" errors="0">
  <testcase name="LogoutTest" time="1.917" classname="smoketests.Logout"/>
</testsuite> <!-- smoketests.Logout -->
