<?xml version="1.0" encoding="UTF-8"?>
<!-- Generated by org.testng.reporters.JUnitReportReporter -->
<testsuite hostname="Alissa-PC" name="smoketests.SuccessfulLogin" tests="1" failures="0" timestamp="6 Jul 2015 16:00:13 GMT" time="4.490" errors="0">
  <testcase name="successfulLoginTest" time="4.490" classname="smoketests.SuccessfulLogin"/>
</testsuite> <!-- smoketests.SuccessfulLogin -->
