<?xml version="1.0" encoding="UTF-8"?>
<!-- Generated by org.testng.reporters.JUnitReportReporter -->
<testsuite hostname="Alissa-PC" name="smoketests.AddAStatus" tests="1" failures="0" timestamp="27 Jul 2015 16:38:39 GMT" time="7.229" errors="0">
  <testcase name="testPostStatus" time="7.229" classname="smoketests.AddAStatus"/>
</testsuite> <!-- smoketests.AddAStatus -->
