<?xml version="1.0" encoding="UTF-8"?>
<!-- Generated by org.testng.reporters.JUnitReportReporter -->
<testsuite hostname="GSOD-NBRYANT" name="smoketests.Logout" tests="1" failures="0" timestamp="28 Jul 2015 16:03:03 GMT" time="2.398" errors="0">
  <testcase name="LogoutTest" time="2.398" classname="smoketests.Logout"/>
</testsuite> <!-- smoketests.Logout -->
