<?xml version="1.0" encoding="UTF-8"?>
<!-- Generated by org.testng.reporters.JUnitReportReporter -->
<testsuite hostname="Alissa-PC" name="smoketests.SuccessfulLogin" tests="1" failures="0" timestamp="16 Jul 2015 16:05:24 GMT" time="4.156" errors="0">
  <testcase name="successfulLoginTest" time="4.156" classname="smoketests.SuccessfulLogin"/>
</testsuite> <!-- smoketests.SuccessfulLogin -->
