<?xml version="1.0" encoding="UTF-8"?>
<!-- Generated by org.testng.reporters.JUnitReportReporter -->
<testsuite hostname="GSOD-NBRYANT" name="smoketests.SuccessfulLogin" tests="1" failures="0" timestamp="30 Jul 2015 20:08:23 GMT" time="7.509" errors="0">
  <testcase name="successfulLoginTest" time="7.509" classname="smoketests.SuccessfulLogin"/>
</testsuite> <!-- smoketests.SuccessfulLogin -->
