<?xml version="1.0" encoding="UTF-8"?>
<!-- Generated by org.testng.reporters.JUnitReportReporter -->
<testsuite hostname="ORASI-GSO-56" name="smoketests.SuccessfulLogin" tests="1" failures="0" timestamp="21 Jul 2015 20:20:41 GMT" time="4.279" errors="0">
  <testcase name="successfulLoginTest" time="4.279" classname="smoketests.SuccessfulLogin"/>
</testsuite> <!-- smoketests.SuccessfulLogin -->
