<?xml version="1.0" encoding="UTF-8"?>
<!-- Generated by org.testng.reporters.JUnitReportReporter -->
<testsuite hostname="GSOD-NBRYANT" name="smoketests.Logout" tests="1" failures="0" timestamp="30 Jul 2015 20:07:19 GMT" time="2.711" errors="0">
  <testcase name="LogoutTest" time="2.711" classname="smoketests.Logout"/>
</testsuite> <!-- smoketests.Logout -->
