<?xml version="1.0" encoding="UTF-8"?>
<!-- Generated by org.testng.reporters.JUnitReportReporter -->
<testsuite hostname="GSOD-NBRYANT" name="smoketests.Logout" tests="1" failures="0" timestamp="30 Jun 2015 17:45:09 GMT" time="2.089" errors="0">
  <testcase name="LogoutTest" time="2.089" classname="smoketests.Logout"/>
</testsuite> <!-- smoketests.Logout -->
